# JRE version: OpenJDK Runtime Environment (8.0_242-b01) (build 1.8.0_242-release-1644-b01)
# Java VM: OpenJDK 64-Bit Server VM (25.242-b01 mixed mode windows-amd64 compressed oops)
Heap:
 PSYoungGen      total 491008K, used 490999K [0x00000000d5580000, 0x00000000f6280000, 0x0000000100000000)
  eden space 461312K, 100% used [0x00000000d5580000,0x00000000f1800000,0x00000000f1800000)
  from space 29696K, 99% used [0x00000000f1800000,0x00000000f34fdf58,0x00000000f3500000)
  to   space 24576K, 99% used [0x00000000f3500000,0x00000000f4cfd2e0,0x00000000f4d00000)
 ParOldGen       total 140288K, used 140282K [0x0000000080000000, 0x0000000088900000, 0x00000000d5580000)
  object space 140288K, 99% used [0x0000000080000000,0x00000000888fe838,0x0000000088900000)
 Metaspace       used 92058K, capacity 97328K, committed 97624K, reserved 1134592K
  class space    used 12379K, capacity 13322K, committed 13440K, reserved 1048576K
GC Heap History (10 events):
Event: 5.453 GC heap after
Heap after GC invocations=10 (full 2):
 PSYoungGen      total 387072K, used 15854K [0x00000000d5580000, 0x00000000f0180000, 0x0000000100000000)
  eden space 371200K, 0% used [0x00000000d5580000,0x00000000d5580000,0x00000000ec000000)
  from space 15872K, 99% used [0x00000000ef200000,0x00000000f017b8e8,0x00000000f0180000)
  to   space 18944K, 0% used [0x00000000edc80000,0x00000000edc80000,0x00000000eef00000)
 ParOldGen       total 82432K, used 17181K [0x0000000080000000, 0x0000000085080000, 0x00000000d5580000)
  object space 82432K, 20% used [0x0000000080000000,0x00000000810c76f8,0x0000000085080000)
 Metaspace       used 45934K, capacity 47784K, committed 48088K, reserved 1091584K
  class space    used 6208K, capacity 6566K, committed 6656K, reserved 1048576K
}
Event: 6.893 GC heap before
{Heap before GC invocations=11 (full 2):
 PSYoungGen      total 387072K, used 146867K [0x00000000d5580000, 0x00000000f0180000, 0x0000000100000000)
  eden space 371200K, 35% used [0x00000000d5580000,0x00000000dd571670,0x00000000ec000000)
  from space 15872K, 99% used [0x00000000ef200000,0x00000000f017b8e8,0x00000000f0180000)
  to   space 18944K, 0% used [0x00000000edc80000,0x00000000edc80000,0x00000000eef00000)
 ParOldGen       total 82432K, used 17181K [0x0000000080000000, 0x0000000085080000, 0x00000000d5580000)
  object space 82432K, 20% used [0x0000000080000000,0x00000000810c76f8,0x0000000085080000)
 Metaspace       used 56655K, capacity 58980K, committed 59028K, reserved 1099776K
  class space    used 7675K, capacity 8167K, committed 8192K, reserved 1048576K
Event: 6.916 GC heap after
Heap after GC invocations=11 (full 2):
 PSYoungGen      total 419328K, used 18942K [0x00000000d5580000, 0x00000000f4d00000, 0x0000000100000000)
  eden space 400384K, 0% used [0x00000000d5580000,0x00000000d5580000,0x00000000edc80000)
  from space 18944K, 99% used [0x00000000edc80000,0x00000000eeeff9e0,0x00000000eef00000)
  to   space 24576K, 0% used [0x00000000f3500000,0x00000000f3500000,0x00000000f4d00000)
 ParOldGen       total 82432K, used 23681K [0x0000000080000000, 0x0000000085080000, 0x00000000d5580000)
  object space 82432K, 28% used [0x0000000080000000,0x00000000817204a8,0x0000000085080000)
 Metaspace       used 56655K, capacity 58980K, committed 59028K, reserved 1099776K
  class space    used 7675K, capacity 8167K, committed 8192K, reserved 1048576K
}
Event: 6.916 GC heap before
{Heap before GC invocations=12 (full 3):
 PSYoungGen      total 419328K, used 18942K [0x00000000d5580000, 0x00000000f4d00000, 0x0000000100000000)
  eden space 400384K, 0% used [0x00000000d5580000,0x00000000d5580000,0x00000000edc80000)
  from space 18944K, 99% used [0x00000000edc80000,0x00000000eeeff9e0,0x00000000eef00000)
  to   space 24576K, 0% used [0x00000000f3500000,0x00000000f3500000,0x00000000f4d00000)
 ParOldGen       total 82432K, used 23681K [0x0000000080000000, 0x0000000085080000, 0x00000000d5580000)
  object space 82432K, 28% used [0x0000000080000000,0x00000000817204a8,0x0000000085080000)
 Metaspace       used 56655K, capacity 58980K, committed 59028K, reserved 1099776K
  class space    used 7675K, capacity 8167K, committed 8192K, reserved 1048576K
Event: 7.104 GC heap after
Heap after GC invocations=12 (full 3):
 PSYoungGen      total 419328K, used 0K [0x00000000d5580000, 0x00000000f4d00000, 0x0000000100000000)
  eden space 400384K, 0% used [0x00000000d5580000,0x00000000d5580000,0x00000000edc80000)
  from space 18944K, 0% used [0x00000000edc80000,0x00000000edc80000,0x00000000eef00000)
  to   space 24576K, 0% used [0x00000000f3500000,0x00000000f3500000,0x00000000f4d00000)
 ParOldGen       total 129024K, used 37703K [0x0000000080000000, 0x0000000087e00000, 0x00000000d5580000)
  object space 129024K, 29% used [0x0000000080000000,0x00000000824d1f40,0x0000000087e00000)
 Metaspace       used 56607K, capacity 58818K, committed 59028K, reserved 1099776K
  class space    used 7660K, capacity 8140K, committed 8192K, reserved 1048576K
}
Event: 10.373 GC heap before
{Heap before GC invocations=13 (full 3):
 PSYoungGen      total 419328K, used 400384K [0x00000000d5580000, 0x00000000f4d00000, 0x0000000100000000)
  eden space 400384K, 100% used [0x00000000d5580000,0x00000000edc80000,0x00000000edc80000)
  from space 18944K, 0% used [0x00000000edc80000,0x00000000edc80000,0x00000000eef00000)
  to   space 24576K, 0% used [0x00000000f3500000,0x00000000f3500000,0x00000000f4d00000)
 ParOldGen       total 129024K, used 37703K [0x0000000080000000, 0x0000000087e00000, 0x00000000d5580000)
  object space 129024K, 29% used [0x0000000080000000,0x00000000824d1f40,0x0000000087e00000)
 Metaspace       used 70626K, capacity 74138K, committed 74328K, reserved 1114112K
  class space    used 9679K, capacity 10344K, committed 10368K, reserved 1048576K
Event: 10.395 GC heap after
Heap after GC invocations=13 (full 3):
 PSYoungGen      total 485888K, used 24553K [0x00000000d5580000, 0x00000000f6280000, 0x0000000100000000)
  eden space 461312K, 0% used [0x00000000d5580000,0x00000000d5580000,0x00000000f1800000)
  from space 24576K, 99% used [0x00000000f3500000,0x00000000f4cfa458,0x00000000f4d00000)
  to   space 29696K, 0% used [0x00000000f1800000,0x00000000f1800000,0x00000000f3500000)
 ParOldGen       total 129024K, used 41802K [0x0000000080000000, 0x0000000087e00000, 0x00000000d5580000)
  object space 129024K, 32% used [0x0000000080000000,0x00000000828d28f8,0x0000000087e00000)
 Metaspace       used 70626K, capacity 74138K, committed 74328K, reserved 1114112K
  class space    used 9679K, capacity 10344K, committed 10368K, reserved 1048576K
}
Event: 58.486 GC heap before
{Heap before GC invocations=14 (full 3):
 PSYoungGen      total 485888K, used 485865K [0x00000000d5580000, 0x00000000f6280000, 0x0000000100000000)
  eden space 461312K, 100% used [0x00000000d5580000,0x00000000f1800000,0x00000000f1800000)
  from space 24576K, 99% used [0x00000000f3500000,0x00000000f4cfa458,0x00000000f4d00000)
  to   space 29696K, 0% used [0x00000000f1800000,0x00000000f1800000,0x00000000f3500000)
 ParOldGen       total 129024K, used 41802K [0x0000000080000000, 0x0000000087e00000, 0x00000000d5580000)
  object space 129024K, 32% used [0x0000000080000000,0x00000000828d28f8,0x0000000087e00000)
 Metaspace       used 81928K, capacity 85920K, committed 86104K, reserved 1124352K
  class space    used 10869K, capacity 11598K, committed 11648K, reserved 1048576K
Event: 58.570 GC heap after
Heap after GC invocations=14 (full 3):
 PSYoungGen      total 491008K, used 29687K [0x00000000d5580000, 0x00000000f6280000, 0x0000000100000000)
  eden space 461312K, 0% used [0x00000000d5580000,0x00000000d5580000,0x00000000f1800000)
  from space 29696K, 99% used [0x00000000f1800000,0x00000000f34fdf58,0x00000000f3500000)
  to   space 24576K, 0% used [0x00000000f3500000,0x00000000f3500000,0x00000000f4d00000)
 ParOldGen       total 129024K, used 59112K [0x0000000080000000, 0x0000000087e00000, 0x00000000d5580000)
  object space 129024K, 45% used [0x0000000080000000,0x00000000839ba2e0,0x0000000087e00000)
 Metaspace       used 81928K, capacity 85920K, committed 86104K, reserved 1124352K
  class space    used 10869K, capacity 11598K, committed 11648K, reserved 1048576K
}
Event: 61.133 GC heap before
{Heap before GC invocations=15 (full 3):
 PSYoungGen      total 491008K, used 490999K [0x00000000d5580000, 0x00000000f6280000, 0x0000000100000000)
  eden space 461312K, 100% used [0x00000000d5580000,0x00000000f1800000,0x00000000f1800000)
  from space 29696K, 99% used [0x00000000f1800000,0x00000000f34fdf58,0x00000000f3500000)
  to   space 24576K, 0% used [0x00000000f3500000,0x00000000f3500000,0x00000000f4d00000)
 ParOldGen       total 129024K, used 59112K [0x0000000080000000, 0x0000000087e00000, 0x00000000d5580000)
  object space 129024K, 45% used [0x0000000080000000,0x00000000839ba2e0,0x0000000087e00000)
 Metaspace       used 92058K, capacity 97328K, committed 97624K, reserved 1134592K
  class space    used 12379K, capacity 13322K, committed 13440K, reserved 1048576K

