# JRE version: OpenJDK Runtime Environment (8.0_242-b01) (build 1.8.0_242-release-1644-b01)
# Java VM: OpenJDK 64-Bit Server VM (25.242-b01 mixed mode windows-amd64 compressed oops)
Heap:
 PSYoungGen      total 136192K, used 43858K [0x00000000d6780000, 0x00000000e1080000, 0x0000000100000000)
  eden space 131072K, 29% used [0x00000000d6780000,0x00000000d8d5a4a0,0x00000000de780000)
  from space 5120K, 99% used [0x00000000de780000,0x00000000dec7a670,0x00000000dec80000)
  to   space 15360K, 0% used [0x00000000e0180000,0x00000000e0180000,0x00000000e1080000)
 ParOldGen       total 111104K, used 64889K [0x0000000083600000, 0x000000008a280000, 0x00000000d6780000)
  object space 111104K, 58% used [0x0000000083600000,0x000000008755e638,0x000000008a280000)
 Metaspace       used 52776K, capacity 53812K, committed 54064K, reserved 1097728K
  class space    used 6137K, capacity 6399K, committed 6448K, reserved 1048576K
GC Heap History (10 events):
Event: 1.690 GC heap before
{Heap before GC invocations=5 (full 1):
 PSYoungGen      total 70656K, used 65536K [0x00000000d6780000, 0x00000000df180000, 0x0000000100000000)
  eden space 65536K, 100% used [0x00000000d6780000,0x00000000da780000,0x00000000da780000)
  from space 5120K, 0% used [0x00000000da780000,0x00000000da780000,0x00000000dac80000)
  to   space 5120K, 0% used [0x00000000dec80000,0x00000000dec80000,0x00000000df180000)
 ParOldGen       total 65024K, used 9314K [0x0000000083600000, 0x0000000087580000, 0x00000000d6780000)
  object space 65024K, 14% used [0x0000000083600000,0x0000000083f18a18,0x0000000087580000)
 Metaspace       used 29884K, capacity 30449K, committed 30768K, reserved 1077248K
  class space    used 3598K, capacity 3770K, committed 3888K, reserved 1048576K
Event: 1.705 GC heap after
Heap after GC invocations=5 (full 1):
 PSYoungGen      total 101888K, used 5091K [0x00000000d6780000, 0x00000000df180000, 0x0000000100000000)
  eden space 96768K, 0% used [0x00000000d6780000,0x00000000d6780000,0x00000000dc600000)
  from space 5120K, 99% used [0x00000000dec80000,0x00000000df178c70,0x00000000df180000)
  to   space 5120K, 0% used [0x00000000de780000,0x00000000de780000,0x00000000dec80000)
 ParOldGen       total 65024K, used 20032K [0x0000000083600000, 0x0000000087580000, 0x00000000d6780000)
  object space 65024K, 30% used [0x0000000083600000,0x0000000084990188,0x0000000087580000)
 Metaspace       used 29884K, capacity 30449K, committed 30768K, reserved 1077248K
  class space    used 3598K, capacity 3770K, committed 3888K, reserved 1048576K
}
Event: 1.993 GC heap before
{Heap before GC invocations=6 (full 1):
 PSYoungGen      total 101888K, used 30416K [0x00000000d6780000, 0x00000000df180000, 0x0000000100000000)
  eden space 96768K, 26% used [0x00000000d6780000,0x00000000d803b390,0x00000000dc600000)
  from space 5120K, 99% used [0x00000000dec80000,0x00000000df178c70,0x00000000df180000)
  to   space 5120K, 0% used [0x00000000de780000,0x00000000de780000,0x00000000dec80000)
 ParOldGen       total 65024K, used 20032K [0x0000000083600000, 0x0000000087580000, 0x00000000d6780000)
  object space 65024K, 30% used [0x0000000083600000,0x0000000084990188,0x0000000087580000)
 Metaspace       used 34592K, capacity 35086K, committed 35496K, reserved 1081344K
  class space    used 4389K, capacity 4544K, committed 4656K, reserved 1048576K
Event: 1.999 GC heap after
Heap after GC invocations=6 (full 1):
 PSYoungGen      total 136192K, used 5119K [0x00000000d6780000, 0x00000000e1080000, 0x0000000100000000)
  eden space 131072K, 0% used [0x00000000d6780000,0x00000000d6780000,0x00000000de780000)
  from space 5120K, 99% used [0x00000000de780000,0x00000000dec7feb8,0x00000000dec80000)
  to   space 15360K, 0% used [0x00000000e0180000,0x00000000e0180000,0x00000000e1080000)
 ParOldGen       total 65024K, used 26532K [0x0000000083600000, 0x0000000087580000, 0x00000000d6780000)
  object space 65024K, 40% used [0x0000000083600000,0x0000000084fe90f8,0x0000000087580000)
 Metaspace       used 34592K, capacity 35086K, committed 35496K, reserved 1081344K
  class space    used 4389K, capacity 4544K, committed 4656K, reserved 1048576K
}
Event: 1.999 GC heap before
{Heap before GC invocations=7 (full 2):
 PSYoungGen      total 136192K, used 5119K [0x00000000d6780000, 0x00000000e1080000, 0x0000000100000000)
  eden space 131072K, 0% used [0x00000000d6780000,0x00000000d6780000,0x00000000de780000)
  from space 5120K, 99% used [0x00000000de780000,0x00000000dec7feb8,0x00000000dec80000)
  to   space 15360K, 0% used [0x00000000e0180000,0x00000000e0180000,0x00000000e1080000)
 ParOldGen       total 65024K, used 26532K [0x0000000083600000, 0x0000000087580000, 0x00000000d6780000)
  object space 65024K, 40% used [0x0000000083600000,0x0000000084fe90f8,0x0000000087580000)
 Metaspace       used 34592K, capacity 35086K, committed 35496K, reserved 1081344K
  class space    used 4389K, capacity 4544K, committed 4656K, reserved 1048576K
Event: 2.041 GC heap after
Heap after GC invocations=7 (full 2):
 PSYoungGen      total 136192K, used 0K [0x00000000d6780000, 0x00000000e1080000, 0x0000000100000000)
  eden space 131072K, 0% used [0x00000000d6780000,0x00000000d6780000,0x00000000de780000)
  from space 5120K, 0% used [0x00000000de780000,0x00000000de780000,0x00000000dec80000)
  to   space 15360K, 0% used [0x00000000e0180000,0x00000000e0180000,0x00000000e1080000)
 ParOldGen       total 111104K, used 19023K [0x0000000083600000, 0x000000008a280000, 0x00000000d6780000)
  object space 111104K, 17% used [0x0000000083600000,0x0000000084893e40,0x000000008a280000)
 Metaspace       used 34592K, capacity 35086K, committed 35496K, reserved 1081344K
  class space    used 4389K, capacity 4544K, committed 4656K, reserved 1048576K
}
Event: 3.896 GC heap before
{Heap before GC invocations=8 (full 2):
 PSYoungGen      total 136192K, used 131072K [0x00000000d6780000, 0x00000000e1080000, 0x0000000100000000)
  eden space 131072K, 100% used [0x00000000d6780000,0x00000000de780000,0x00000000de780000)
  from space 5120K, 0% used [0x00000000de780000,0x00000000de780000,0x00000000dec80000)
  to   space 15360K, 0% used [0x00000000e0180000,0x00000000e0180000,0x00000000e1080000)
 ParOldGen       total 111104K, used 19023K [0x0000000083600000, 0x000000008a280000, 0x00000000d6780000)
  object space 111104K, 17% used [0x0000000083600000,0x0000000084893e40,0x000000008a280000)
 Metaspace       used 45012K, capacity 45834K, committed 46128K, reserved 1089536K
  class space    used 5426K, capacity 5654K, committed 5680K, reserved 1048576K
Event: 3.914 GC heap after
Heap after GC invocations=8 (full 2):
 PSYoungGen      total 146432K, used 15353K [0x00000000d6780000, 0x00000000e1080000, 0x0000000100000000)
  eden space 131072K, 0% used [0x00000000d6780000,0x00000000d6780000,0x00000000de780000)
  from space 15360K, 99% used [0x00000000e0180000,0x00000000e107e798,0x00000000e1080000)
  to   space 5120K, 0% used [0x00000000de780000,0x00000000de780000,0x00000000dec80000)
 ParOldGen       total 111104K, used 31940K [0x0000000083600000, 0x000000008a280000, 0x00000000d6780000)
  object space 111104K, 28% used [0x0000000083600000,0x00000000855312f8,0x000000008a280000)
 Metaspace       used 45012K, capacity 45834K, committed 46128K, reserved 1089536K
  class space    used 5426K, capacity 5654K, committed 5680K, reserved 1048576K
}
Event: 5.967 GC heap before
{Heap before GC invocations=9 (full 2):
 PSYoungGen      total 146432K, used 146425K [0x00000000d6780000, 0x00000000e1080000, 0x0000000100000000)
  eden space 131072K, 100% used [0x00000000d6780000,0x00000000de780000,0x00000000de780000)
  from space 15360K, 99% used [0x00000000e0180000,0x00000000e107e798,0x00000000e1080000)
  to   space 5120K, 0% used [0x00000000de780000,0x00000000de780000,0x00000000dec80000)
 ParOldGen       total 111104K, used 31940K [0x0000000083600000, 0x000000008a280000, 0x00000000d6780000)
  object space 111104K, 28% used [0x0000000083600000,0x00000000855312f8,0x000000008a280000)
 Metaspace       used 51482K, capacity 52428K, committed 52656K, reserved 1095680K
  class space    used 6044K, capacity 6287K, committed 6320K, reserved 1048576K
Event: 6.006 GC heap after
Heap after GC invocations=9 (full 2):
 PSYoungGen      total 136192K, used 5097K [0x00000000d6780000, 0x00000000e1080000, 0x0000000100000000)
  eden space 131072K, 0% used [0x00000000d6780000,0x00000000d6780000,0x00000000de780000)
  from space 5120K, 99% used [0x00000000de780000,0x00000000dec7a670,0x00000000dec80000)
  to   space 15360K, 0% used [0x00000000e0180000,0x00000000e0180000,0x00000000e1080000)
 ParOldGen       total 111104K, used 64889K [0x0000000083600000, 0x000000008a280000, 0x00000000d6780000)
  object space 111104K, 58% used [0x0000000083600000,0x000000008755e638,0x000000008a280000)
 Metaspace       used 51482K, capacity 52428K, committed 52656K, reserved 1095680K
  class space    used 6044K, capacity 6287K, committed 6320K, reserved 1048576K
}

