# JRE version: OpenJDK Runtime Environment (8.0_242-b01) (build 1.8.0_242-release-1644-b01)
# Java VM: OpenJDK 64-Bit Server VM (25.242-b01 mixed mode windows-amd64 compressed oops)
Heap:
 PSYoungGen      total 434176K, used 254199K [0x00000000d5580000, 0x00000000fce80000, 0x0000000100000000)
  eden space 368128K, 51% used [0x00000000d5580000,0x00000000e0d40fe8,0x00000000ebd00000)
  from space 66048K, 99% used [0x00000000ebd00000,0x00000000efd7cfe8,0x00000000efd80000)
  to   space 98304K, 0% used [0x00000000f6e80000,0x00000000f6e80000,0x00000000fce80000)
 ParOldGen       total 257536K, used 177143K [0x0000000080000000, 0x000000008fb80000, 0x00000000d5580000)
  object space 257536K, 68% used [0x0000000080000000,0x000000008acfded8,0x000000008fb80000)
 Metaspace       used 105288K, capacity 110860K, committed 113560K, reserved 1146880K
  class space    used 13606K, capacity 14602K, committed 15528K, reserved 1048576K
GC Heap History (10 events):
Event: 6009.458 GC heap before
{Heap before GC invocations=26 (full 5):
 PSYoungGen      total 328704K, used 49151K [0x00000000d5580000, 0x00000000f2780000, 0x0000000100000000)
  eden space 279552K, 0% used [0x00000000d5580000,0x00000000d5580000,0x00000000e6680000)
  from space 49152K, 99% used [0x00000000e6680000,0x00000000e967fd78,0x00000000e9680000)
  to   space 73216K, 0% used [0x00000000ee000000,0x00000000ee000000,0x00000000f2780000)
 ParOldGen       total 124416K, used 120117K [0x0000000080000000, 0x0000000087980000, 0x00000000d5580000)
  object space 124416K, 96% used [0x0000000080000000,0x000000008754d780,0x0000000087980000)
 Metaspace       used 105302K, capacity 112352K, committed 112536K, reserved 1146880K
  class space    used 14068K, capacity 15440K, committed 15528K, reserved 1048576K
Event: 6010.158 GC heap after
Heap after GC invocations=26 (full 5):
 PSYoungGen      total 328704K, used 12859K [0x00000000d5580000, 0x00000000f2780000, 0x0000000100000000)
  eden space 279552K, 0% used [0x00000000d5580000,0x00000000d5580000,0x00000000e6680000)
  from space 49152K, 26% used [0x00000000e6680000,0x00000000e730ee38,0x00000000e9680000)
  to   space 73216K, 0% used [0x00000000ee000000,0x00000000ee000000,0x00000000f2780000)
 ParOldGen       total 257536K, used 117363K [0x0000000080000000, 0x000000008fb80000, 0x00000000d5580000)
  object space 257536K, 45% used [0x0000000080000000,0x000000008729cd78,0x000000008fb80000)
 Metaspace       used 103806K, capacity 108924K, committed 112536K, reserved 1146880K
  class space    used 13523K, capacity 14460K, committed 15528K, reserved 1048576K
}
Event: 6139.075 GC heap before
{Heap before GC invocations=27 (full 5):
 PSYoungGen      total 328704K, used 292411K [0x00000000d5580000, 0x00000000f2780000, 0x0000000100000000)
  eden space 279552K, 100% used [0x00000000d5580000,0x00000000e6680000,0x00000000e6680000)
  from space 49152K, 26% used [0x00000000e6680000,0x00000000e730ee38,0x00000000e9680000)
  to   space 73216K, 0% used [0x00000000ee000000,0x00000000ee000000,0x00000000f2780000)
 ParOldGen       total 257536K, used 117363K [0x0000000080000000, 0x000000008fb80000, 0x00000000d5580000)
  object space 257536K, 45% used [0x0000000080000000,0x000000008729cd78,0x000000008fb80000)
 Metaspace       used 104107K, capacity 109214K, committed 112792K, reserved 1146880K
  class space    used 13538K, capacity 14487K, committed 15528K, reserved 1048576K
Event: 6139.110 GC heap after
Heap after GC invocations=27 (full 5):
 PSYoungGen      total 384512K, used 29314K [0x00000000d5580000, 0x00000000f1a80000, 0x0000000100000000)
  eden space 324608K, 0% used [0x00000000d5580000,0x00000000d5580000,0x00000000e9280000)
  from space 59904K, 48% used [0x00000000ee000000,0x00000000efca08f0,0x00000000f1a80000)
  to   space 69632K, 0% used [0x00000000e9280000,0x00000000e9280000,0x00000000ed680000)
 ParOldGen       total 257536K, used 117443K [0x0000000080000000, 0x000000008fb80000, 0x00000000d5580000)
  object space 257536K, 45% used [0x0000000080000000,0x00000000872b0d78,0x000000008fb80000)
 Metaspace       used 104107K, capacity 109214K, committed 112792K, reserved 1146880K
  class space    used 13538K, capacity 14487K, committed 15528K, reserved 1048576K
}
Event: 6335.455 GC heap before
{Heap before GC invocations=28 (full 5):
 PSYoungGen      total 384512K, used 353922K [0x00000000d5580000, 0x00000000f1a80000, 0x0000000100000000)
  eden space 324608K, 100% used [0x00000000d5580000,0x00000000e9280000,0x00000000e9280000)
  from space 59904K, 48% used [0x00000000ee000000,0x00000000efca08f0,0x00000000f1a80000)
  to   space 69632K, 0% used [0x00000000e9280000,0x00000000e9280000,0x00000000ed680000)
 ParOldGen       total 257536K, used 117443K [0x0000000080000000, 0x000000008fb80000, 0x00000000d5580000)
  object space 257536K, 45% used [0x0000000080000000,0x00000000872b0d78,0x000000008fb80000)
 Metaspace       used 104603K, capacity 109906K, committed 113048K, reserved 1146880K
  class space    used 13569K, capacity 14537K, committed 15528K, reserved 1048576K
Event: 6335.506 GC heap after
Heap after GC invocations=28 (full 5):
 PSYoungGen      total 394240K, used 26864K [0x00000000d5580000, 0x00000000f3d80000, 0x0000000100000000)
  eden space 324608K, 0% used [0x00000000d5580000,0x00000000d5580000,0x00000000e9280000)
  from space 69632K, 38% used [0x00000000e9280000,0x00000000eacbc158,0x00000000ed680000)
  to   space 65536K, 0% used [0x00000000efd80000,0x00000000efd80000,0x00000000f3d80000)
 ParOldGen       total 257536K, used 117451K [0x0000000080000000, 0x000000008fb80000, 0x00000000d5580000)
  object space 257536K, 45% used [0x0000000080000000,0x00000000872b2d78,0x000000008fb80000)
 Metaspace       used 104603K, capacity 109906K, committed 113048K, reserved 1146880K
  class space    used 13569K, capacity 14537K, committed 15528K, reserved 1048576K
}
Event: 6337.196 GC heap before
{Heap before GC invocations=29 (full 5):
 PSYoungGen      total 394240K, used 351227K [0x00000000d5580000, 0x00000000f3d80000, 0x0000000100000000)
  eden space 324608K, 99% used [0x00000000d5580000,0x00000000e9242af0,0x00000000e9280000)
  from space 69632K, 38% used [0x00000000e9280000,0x00000000eacbc158,0x00000000ed680000)
  to   space 65536K, 0% used [0x00000000efd80000,0x00000000efd80000,0x00000000f3d80000)
 ParOldGen       total 257536K, used 117451K [0x0000000080000000, 0x000000008fb80000, 0x00000000d5580000)
  object space 257536K, 45% used [0x0000000080000000,0x00000000872b2d78,0x000000008fb80000)
 Metaspace       used 104756K, capacity 110136K, committed 113304K, reserved 1146880K
  class space    used 13570K, capacity 14538K, committed 15528K, reserved 1048576K
Event: 6337.231 GC heap after
Heap after GC invocations=29 (full 5):
 PSYoungGen      total 433664K, used 38445K [0x00000000d5580000, 0x00000000f4000000, 0x0000000100000000)
  eden space 368128K, 0% used [0x00000000d5580000,0x00000000d5580000,0x00000000ebd00000)
  from space 65536K, 58% used [0x00000000efd80000,0x00000000f230b708,0x00000000f3d80000)
  to   space 66048K, 0% used [0x00000000ebd00000,0x00000000ebd00000,0x00000000efd80000)
 ParOldGen       total 257536K, used 117459K [0x0000000080000000, 0x000000008fb80000, 0x00000000d5580000)
  object space 257536K, 45% used [0x0000000080000000,0x00000000872b4d78,0x000000008fb80000)
 Metaspace       used 104756K, capacity 110136K, committed 113304K, reserved 1146880K
  class space    used 13570K, capacity 14538K, committed 15528K, reserved 1048576K
}
Event: 6338.659 GC heap before
{Heap before GC invocations=30 (full 5):
 PSYoungGen      total 433664K, used 406573K [0x00000000d5580000, 0x00000000f4000000, 0x0000000100000000)
  eden space 368128K, 100% used [0x00000000d5580000,0x00000000ebd00000,0x00000000ebd00000)
  from space 65536K, 58% used [0x00000000efd80000,0x00000000f230b708,0x00000000f3d80000)
  to   space 66048K, 0% used [0x00000000ebd00000,0x00000000ebd00000,0x00000000efd80000)
 ParOldGen       total 257536K, used 117459K [0x0000000080000000, 0x000000008fb80000, 0x00000000d5580000)
  object space 257536K, 45% used [0x0000000080000000,0x00000000872b4d78,0x000000008fb80000)
 Metaspace       used 104823K, capacity 110144K, committed 113304K, reserved 1146880K
  class space    used 13570K, capacity 14538K, committed 15528K, reserved 1048576K
Event: 6338.849 GC heap after
Heap after GC invocations=30 (full 5):
 PSYoungGen      total 434176K, used 66035K [0x00000000d5580000, 0x00000000fce80000, 0x0000000100000000)
  eden space 368128K, 0% used [0x00000000d5580000,0x00000000d5580000,0x00000000ebd00000)
  from space 66048K, 99% used [0x00000000ebd00000,0x00000000efd7cfe8,0x00000000efd80000)
  to   space 98304K, 0% used [0x00000000f6e80000,0x00000000f6e80000,0x00000000fce80000)
 ParOldGen       total 257536K, used 177143K [0x0000000080000000, 0x000000008fb80000, 0x00000000d5580000)
  object space 257536K, 68% used [0x0000000080000000,0x000000008acfded8,0x000000008fb80000)
 Metaspace       used 104823K, capacity 110144K, committed 113304K, reserved 1146880K
  class space    used 13570K, capacity 14538K, committed 15528K, reserved 1048576K
}

