# JRE version: OpenJDK Runtime Environment (8.0_242-b01) (build 1.8.0_242-release-1644-b01)
# Java VM: OpenJDK 64-Bit Server VM (25.242-b01 mixed mode windows-amd64 compressed oops)
Heap:
 PSYoungGen      total 418304K, used 85192K [0x00000000d5580000, 0x00000000f7800000, 0x0000000100000000)
  eden space 365568K, 15% used [0x00000000d5580000,0x00000000d8cef7a0,0x00000000eba80000)
  from space 52736K, 53% used [0x00000000eba80000,0x00000000ed642b28,0x00000000eee00000)
  to   space 55808K, 0% used [0x00000000f4180000,0x00000000f4180000,0x00000000f7800000)
 ParOldGen       total 238592K, used 143358K [0x0000000080000000, 0x000000008e900000, 0x00000000d5580000)
  object space 238592K, 60% used [0x0000000080000000,0x0000000088bff838,0x000000008e900000)
 Metaspace       used 82502K, capacity 86764K, committed 87640K, reserved 1124352K
  class space    used 11233K, capacity 12009K, committed 12416K, reserved 1048576K
GC Heap History (10 events):
Event: 13.509 GC heap before
{Heap before GC invocations=21 (full 4):
 PSYoungGen      total 347136K, used 333195K [0x00000000d5580000, 0x00000000ee580000, 0x0000000100000000)
  eden space 313344K, 100% used [0x00000000d5580000,0x00000000e8780000,0x00000000e8780000)
  from space 33792K, 58% used [0x00000000ec480000,0x00000000ed7e2ec8,0x00000000ee580000)
  to   space 48128K, 0% used [0x00000000e8780000,0x00000000e8780000,0x00000000eb680000)
 ParOldGen       total 238592K, used 115028K [0x0000000080000000, 0x000000008e900000, 0x00000000d5580000)
  object space 238592K, 48% used [0x0000000080000000,0x0000000087055040,0x000000008e900000)
 Metaspace       used 81577K, capacity 85776K, committed 86872K, reserved 1124352K
  class space    used 11214K, capacity 11997K, committed 12416K, reserved 1048576K
Event: 13.546 GC heap after
Heap after GC invocations=21 (full 4):
 PSYoungGen      total 361472K, used 29800K [0x00000000d5580000, 0x00000000f1e80000, 0x0000000100000000)
  eden space 313344K, 0% used [0x00000000d5580000,0x00000000d5580000,0x00000000e8780000)
  from space 48128K, 61% used [0x00000000e8780000,0x00000000ea49a150,0x00000000eb680000)
  to   space 49664K, 0% used [0x00000000eee00000,0x00000000eee00000,0x00000000f1e80000)
 ParOldGen       total 238592K, used 115036K [0x0000000080000000, 0x000000008e900000, 0x00000000d5580000)
  object space 238592K, 48% used [0x0000000080000000,0x0000000087057040,0x000000008e900000)
 Metaspace       used 81577K, capacity 85776K, committed 86872K, reserved 1124352K
  class space    used 11214K, capacity 11997K, committed 12416K, reserved 1048576K
}
Event: 14.062 GC heap before
{Heap before GC invocations=22 (full 4):
 PSYoungGen      total 361472K, used 343144K [0x00000000d5580000, 0x00000000f1e80000, 0x0000000100000000)
  eden space 313344K, 100% used [0x00000000d5580000,0x00000000e8780000,0x00000000e8780000)
  from space 48128K, 61% used [0x00000000e8780000,0x00000000ea49a150,0x00000000eb680000)
  to   space 49664K, 0% used [0x00000000eee00000,0x00000000eee00000,0x00000000f1e80000)
 ParOldGen       total 238592K, used 115036K [0x0000000080000000, 0x000000008e900000, 0x00000000d5580000)
  object space 238592K, 48% used [0x0000000080000000,0x0000000087057040,0x000000008e900000)
 Metaspace       used 82032K, capacity 86278K, committed 87128K, reserved 1124352K
  class space    used 11224K, capacity 12000K, committed 12416K, reserved 1048576K
Event: 14.091 GC heap after
Heap after GC invocations=22 (full 4):
 PSYoungGen      total 415232K, used 36483K [0x00000000d5580000, 0x00000000f2780000, 0x0000000100000000)
  eden space 365568K, 0% used [0x00000000d5580000,0x00000000d5580000,0x00000000eba80000)
  from space 49664K, 73% used [0x00000000eee00000,0x00000000f11a0cc0,0x00000000f1e80000)
  to   space 52736K, 0% used [0x00000000eba80000,0x00000000eba80000,0x00000000eee00000)
 ParOldGen       total 238592K, used 115044K [0x0000000080000000, 0x000000008e900000, 0x00000000d5580000)
  object space 238592K, 48% used [0x0000000080000000,0x0000000087059040,0x000000008e900000)
 Metaspace       used 82032K, capacity 86278K, committed 87128K, reserved 1124352K
  class space    used 11224K, capacity 12000K, committed 12416K, reserved 1048576K
}
Event: 14.573 GC heap before
{Heap before GC invocations=23 (full 4):
 PSYoungGen      total 415232K, used 402051K [0x00000000d5580000, 0x00000000f2780000, 0x0000000100000000)
  eden space 365568K, 100% used [0x00000000d5580000,0x00000000eba80000,0x00000000eba80000)
  from space 49664K, 73% used [0x00000000eee00000,0x00000000f11a0cc0,0x00000000f1e80000)
  to   space 52736K, 0% used [0x00000000eba80000,0x00000000eba80000,0x00000000eee00000)
 ParOldGen       total 238592K, used 115044K [0x0000000080000000, 0x000000008e900000, 0x00000000d5580000)
  object space 238592K, 48% used [0x0000000080000000,0x0000000087059040,0x000000008e900000)
 Metaspace       used 82246K, capacity 86462K, committed 87384K, reserved 1124352K
  class space    used 11229K, capacity 12006K, committed 12416K, reserved 1048576K
Event: 14.609 GC heap after
Heap after GC invocations=23 (full 4):
 PSYoungGen      total 418304K, used 44125K [0x00000000d5580000, 0x00000000f2780000, 0x0000000100000000)
  eden space 365568K, 0% used [0x00000000d5580000,0x00000000d5580000,0x00000000eba80000)
  from space 52736K, 83% used [0x00000000eba80000,0x00000000ee5974f0,0x00000000eee00000)
  to   space 49664K, 0% used [0x00000000eee00000,0x00000000eee00000,0x00000000f1e80000)
 ParOldGen       total 238592K, used 115052K [0x0000000080000000, 0x000000008e900000, 0x00000000d5580000)
  object space 238592K, 48% used [0x0000000080000000,0x000000008705b040,0x000000008e900000)
 Metaspace       used 82246K, capacity 86462K, committed 87384K, reserved 1124352K
  class space    used 11229K, capacity 12006K, committed 12416K, reserved 1048576K
}
Event: 15.080 GC heap before
{Heap before GC invocations=24 (full 4):
 PSYoungGen      total 418304K, used 409693K [0x00000000d5580000, 0x00000000f2780000, 0x0000000100000000)
  eden space 365568K, 100% used [0x00000000d5580000,0x00000000eba80000,0x00000000eba80000)
  from space 52736K, 83% used [0x00000000eba80000,0x00000000ee5974f0,0x00000000eee00000)
  to   space 49664K, 0% used [0x00000000eee00000,0x00000000eee00000,0x00000000f1e80000)
 ParOldGen       total 238592K, used 115052K [0x0000000080000000, 0x000000008e900000, 0x00000000d5580000)
  object space 238592K, 48% used [0x0000000080000000,0x000000008705b040,0x000000008e900000)
 Metaspace       used 82388K, capacity 86668K, committed 87640K, reserved 1124352K
  class space    used 11229K, capacity 12007K, committed 12416K, reserved 1048576K
Event: 15.117 GC heap after
Heap after GC invocations=24 (full 4):
 PSYoungGen      total 415232K, used 31755K [0x00000000d5580000, 0x00000000f2780000, 0x0000000100000000)
  eden space 365568K, 0% used [0x00000000d5580000,0x00000000d5580000,0x00000000eba80000)
  from space 49664K, 63% used [0x00000000eee00000,0x00000000f0d02de0,0x00000000f1e80000)
  to   space 52736K, 0% used [0x00000000eba80000,0x00000000eba80000,0x00000000eee00000)
 ParOldGen       total 238592K, used 131024K [0x0000000080000000, 0x000000008e900000, 0x00000000d5580000)
  object space 238592K, 54% used [0x0000000080000000,0x0000000087ff4360,0x000000008e900000)
 Metaspace       used 82388K, capacity 86668K, committed 87640K, reserved 1124352K
  class space    used 11229K, capacity 12007K, committed 12416K, reserved 1048576K
}
Event: 15.566 GC heap before
{Heap before GC invocations=25 (full 4):
 PSYoungGen      total 415232K, used 397323K [0x00000000d5580000, 0x00000000f2780000, 0x0000000100000000)
  eden space 365568K, 100% used [0x00000000d5580000,0x00000000eba80000,0x00000000eba80000)
  from space 49664K, 63% used [0x00000000eee00000,0x00000000f0d02de0,0x00000000f1e80000)
  to   space 52736K, 0% used [0x00000000eba80000,0x00000000eba80000,0x00000000eee00000)
 ParOldGen       total 238592K, used 131024K [0x0000000080000000, 0x000000008e900000, 0x00000000d5580000)
  object space 238592K, 54% used [0x0000000080000000,0x0000000087ff4360,0x000000008e900000)
 Metaspace       used 82498K, capacity 86758K, committed 87640K, reserved 1124352K
  class space    used 11232K, capacity 12008K, committed 12416K, reserved 1048576K
Event: 15.605 GC heap after
Heap after GC invocations=25 (full 4):
 PSYoungGen      total 418304K, used 28426K [0x00000000d5580000, 0x00000000f7800000, 0x0000000100000000)
  eden space 365568K, 0% used [0x00000000d5580000,0x00000000d5580000,0x00000000eba80000)
  from space 52736K, 53% used [0x00000000eba80000,0x00000000ed642b28,0x00000000eee00000)
  to   space 55808K, 0% used [0x00000000f4180000,0x00000000f4180000,0x00000000f7800000)
 ParOldGen       total 238592K, used 143358K [0x0000000080000000, 0x000000008e900000, 0x00000000d5580000)
  object space 238592K, 60% used [0x0000000080000000,0x0000000088bff838,0x000000008e900000)
 Metaspace       used 82498K, capacity 86758K, committed 87640K, reserved 1124352K
  class space    used 11232K, capacity 12008K, committed 12416K, reserved 1048576K
}

