# JRE version: OpenJDK Runtime Environment (8.0_242-b01) (build 1.8.0_242-release-1644-b01)
# Java VM: OpenJDK 64-Bit Server VM (25.242-b01 mixed mode windows-amd64 compressed oops)
Heap:
 PSYoungGen      total 452096K, used 196488K [0x00000000d5580000, 0x00000000f4a00000, 0x0000000100000000)
  eden space 397312K, 43% used [0x00000000d5580000,0x00000000dff95408,0x00000000ed980000)
  from space 54784K, 40% used [0x00000000ed980000,0x00000000eef4ccd8,0x00000000f0f00000)
  to   space 54272K, 0% used [0x00000000f0f00000,0x00000000f0f00000,0x00000000f4400000)
 ParOldGen       total 229376K, used 190612K [0x0000000080000000, 0x000000008e000000, 0x00000000d5580000)
  object space 229376K, 83% used [0x0000000080000000,0x000000008ba25250,0x000000008e000000)
 Metaspace       used 83404K, capacity 87686K, committed 89688K, reserved 1126400K
  class space    used 11303K, capacity 12068K, committed 12672K, reserved 1048576K
GC Heap History (10 events):
Event: 15.146 GC heap before
{Heap before GC invocations=29 (full 4):
 PSYoungGen      total 451584K, used 403578K [0x00000000d5580000, 0x00000000f4a00000, 0x0000000100000000)
  eden space 397312K, 100% used [0x00000000d5580000,0x00000000ed980000,0x00000000ed980000)
  from space 54272K, 11% used [0x00000000f0f00000,0x00000000f151eb58,0x00000000f4400000)
  to   space 54784K, 0% used [0x00000000ed980000,0x00000000ed980000,0x00000000f0f00000)
 ParOldGen       total 229376K, used 186201K [0x0000000080000000, 0x000000008e000000, 0x00000000d5580000)
  object space 229376K, 81% used [0x0000000080000000,0x000000008b5d66c0,0x000000008e000000)
 Metaspace       used 82605K, capacity 86824K, committed 89176K, reserved 1126400K
  class space    used 11201K, capacity 11973K, committed 12672K, reserved 1048576K
Event: 15.163 GC heap after
Heap after GC invocations=29 (full 4):
 PSYoungGen      total 452096K, used 7605K [0x00000000d5580000, 0x00000000f4a00000, 0x0000000100000000)
  eden space 397312K, 0% used [0x00000000d5580000,0x00000000d5580000,0x00000000ed980000)
  from space 54784K, 13% used [0x00000000ed980000,0x00000000ee0ed5f8,0x00000000f0f00000)
  to   space 54272K, 0% used [0x00000000f0f00000,0x00000000f0f00000,0x00000000f4400000)
 ParOldGen       total 229376K, used 190612K [0x0000000080000000, 0x000000008e000000, 0x00000000d5580000)
  object space 229376K, 83% used [0x0000000080000000,0x000000008ba25250,0x000000008e000000)
 Metaspace       used 82605K, capacity 86824K, committed 89176K, reserved 1126400K
  class space    used 11201K, capacity 11973K, committed 12672K, reserved 1048576K
}
Event: 15.841 GC heap before
{Heap before GC invocations=30 (full 4):
 PSYoungGen      total 452096K, used 404917K [0x00000000d5580000, 0x00000000f4a00000, 0x0000000100000000)
  eden space 397312K, 100% used [0x00000000d5580000,0x00000000ed980000,0x00000000ed980000)
  from space 54784K, 13% used [0x00000000ed980000,0x00000000ee0ed5f8,0x00000000f0f00000)
  to   space 54272K, 0% used [0x00000000f0f00000,0x00000000f0f00000,0x00000000f4400000)
 ParOldGen       total 229376K, used 190612K [0x0000000080000000, 0x000000008e000000, 0x00000000d5580000)
  object space 229376K, 83% used [0x0000000080000000,0x000000008ba25250,0x000000008e000000)
 Metaspace       used 82706K, capacity 86934K, committed 89176K, reserved 1126400K
  class space    used 11202K, capacity 11976K, committed 12672K, reserved 1048576K
Event: 15.871 GC heap after
Heap after GC invocations=30 (full 4):
 PSYoungGen      total 451584K, used 28565K [0x00000000d5580000, 0x00000000f4a00000, 0x0000000100000000)
  eden space 397312K, 0% used [0x00000000d5580000,0x00000000d5580000,0x00000000ed980000)
  from space 54272K, 52% used [0x00000000f0f00000,0x00000000f2ae5740,0x00000000f4400000)
  to   space 54784K, 0% used [0x00000000ed980000,0x00000000ed980000,0x00000000f0f00000)
 ParOldGen       total 229376K, used 190612K [0x0000000080000000, 0x000000008e000000, 0x00000000d5580000)
  object space 229376K, 83% used [0x0000000080000000,0x000000008ba25250,0x000000008e000000)
 Metaspace       used 82706K, capacity 86934K, committed 89176K, reserved 1126400K
  class space    used 11202K, capacity 11976K, committed 12672K, reserved 1048576K
}
Event: 16.404 GC heap before
{Heap before GC invocations=31 (full 4):
 PSYoungGen      total 451584K, used 425877K [0x00000000d5580000, 0x00000000f4a00000, 0x0000000100000000)
  eden space 397312K, 100% used [0x00000000d5580000,0x00000000ed980000,0x00000000ed980000)
  from space 54272K, 52% used [0x00000000f0f00000,0x00000000f2ae5740,0x00000000f4400000)
  to   space 54784K, 0% used [0x00000000ed980000,0x00000000ed980000,0x00000000f0f00000)
 ParOldGen       total 229376K, used 190612K [0x0000000080000000, 0x000000008e000000, 0x00000000d5580000)
  object space 229376K, 83% used [0x0000000080000000,0x000000008ba25250,0x000000008e000000)
 Metaspace       used 82755K, capacity 87014K, committed 89176K, reserved 1126400K
  class space    used 11206K, capacity 11978K, committed 12672K, reserved 1048576K
Event: 16.444 GC heap after
Heap after GC invocations=31 (full 4):
 PSYoungGen      total 452096K, used 37883K [0x00000000d5580000, 0x00000000f4a00000, 0x0000000100000000)
  eden space 397312K, 0% used [0x00000000d5580000,0x00000000d5580000,0x00000000ed980000)
  from space 54784K, 69% used [0x00000000ed980000,0x00000000efe7ee58,0x00000000f0f00000)
  to   space 54272K, 0% used [0x00000000f0f00000,0x00000000f0f00000,0x00000000f4400000)
 ParOldGen       total 229376K, used 190612K [0x0000000080000000, 0x000000008e000000, 0x00000000d5580000)
  object space 229376K, 83% used [0x0000000080000000,0x000000008ba25250,0x000000008e000000)
 Metaspace       used 82755K, capacity 87014K, committed 89176K, reserved 1126400K
  class space    used 11206K, capacity 11978K, committed 12672K, reserved 1048576K
}
Event: 17.111 GC heap before
{Heap before GC invocations=32 (full 4):
 PSYoungGen      total 452096K, used 435195K [0x00000000d5580000, 0x00000000f4a00000, 0x0000000100000000)
  eden space 397312K, 100% used [0x00000000d5580000,0x00000000ed980000,0x00000000ed980000)
  from space 54784K, 69% used [0x00000000ed980000,0x00000000efe7ee58,0x00000000f0f00000)
  to   space 54272K, 0% used [0x00000000f0f00000,0x00000000f0f00000,0x00000000f4400000)
 ParOldGen       total 229376K, used 190612K [0x0000000080000000, 0x000000008e000000, 0x00000000d5580000)
  object space 229376K, 83% used [0x0000000080000000,0x000000008ba25250,0x000000008e000000)
 Metaspace       used 82762K, capacity 87024K, committed 89176K, reserved 1126400K
  class space    used 11206K, capacity 11979K, committed 12672K, reserved 1048576K
Event: 17.132 GC heap after
Heap after GC invocations=32 (full 4):
 PSYoungGen      total 451584K, used 23755K [0x00000000d5580000, 0x00000000f4a00000, 0x0000000100000000)
  eden space 397312K, 0% used [0x00000000d5580000,0x00000000d5580000,0x00000000ed980000)
  from space 54272K, 43% used [0x00000000f0f00000,0x00000000f2632dd0,0x00000000f4400000)
  to   space 54784K, 0% used [0x00000000ed980000,0x00000000ed980000,0x00000000f0f00000)
 ParOldGen       total 229376K, used 190612K [0x0000000080000000, 0x000000008e000000, 0x00000000d5580000)
  object space 229376K, 83% used [0x0000000080000000,0x000000008ba25250,0x000000008e000000)
 Metaspace       used 82762K, capacity 87024K, committed 89176K, reserved 1126400K
  class space    used 11206K, capacity 11979K, committed 12672K, reserved 1048576K
}
Event: 17.772 GC heap before
{Heap before GC invocations=33 (full 4):
 PSYoungGen      total 451584K, used 421067K [0x00000000d5580000, 0x00000000f4a00000, 0x0000000100000000)
  eden space 397312K, 100% used [0x00000000d5580000,0x00000000ed980000,0x00000000ed980000)
  from space 54272K, 43% used [0x00000000f0f00000,0x00000000f2632dd0,0x00000000f4400000)
  to   space 54784K, 0% used [0x00000000ed980000,0x00000000ed980000,0x00000000f0f00000)
 ParOldGen       total 229376K, used 190612K [0x0000000080000000, 0x000000008e000000, 0x00000000d5580000)
  object space 229376K, 83% used [0x0000000080000000,0x000000008ba25250,0x000000008e000000)
 Metaspace       used 82764K, capacity 87024K, committed 89176K, reserved 1126400K
  class space    used 11206K, capacity 11979K, committed 12672K, reserved 1048576K
Event: 17.792 GC heap after
Heap after GC invocations=33 (full 4):
 PSYoungGen      total 452096K, used 22323K [0x00000000d5580000, 0x00000000f4a00000, 0x0000000100000000)
  eden space 397312K, 0% used [0x00000000d5580000,0x00000000d5580000,0x00000000ed980000)
  from space 54784K, 40% used [0x00000000ed980000,0x00000000eef4ccd8,0x00000000f0f00000)
  to   space 54272K, 0% used [0x00000000f0f00000,0x00000000f0f00000,0x00000000f4400000)
 ParOldGen       total 229376K, used 190612K [0x0000000080000000, 0x000000008e000000, 0x00000000d5580000)
  object space 229376K, 83% used [0x0000000080000000,0x000000008ba25250,0x000000008e000000)
 Metaspace       used 82764K, capacity 87024K, committed 89176K, reserved 1126400K
  class space    used 11206K, capacity 11979K, committed 12672K, reserved 1048576K
}

