# JRE version: OpenJDK Runtime Environment (8.0_242-b01) (build 1.8.0_242-release-1644-b01)
# Java VM: OpenJDK 64-Bit Server VM (25.242-b01 mixed mode windows-amd64 compressed oops)
Heap:
 PSYoungGen      total 163840K, used 39535K [0x00000000d6780000, 0x00000000e4280000, 0x0000000100000000)
  eden space 125440K, 31% used [0x00000000d6780000,0x00000000d8e1bf68,0x00000000de200000)
  from space 38400K, 0% used [0x00000000e0d00000,0x00000000e0d00000,0x00000000e3280000)
  to   space 44032K, 0% used [0x00000000de200000,0x00000000de200000,0x00000000e0d00000)
 ParOldGen       total 107520K, used 66524K [0x0000000083600000, 0x0000000089f00000, 0x00000000d6780000)
  object space 107520K, 61% used [0x0000000083600000,0x00000000876f72b0,0x0000000089f00000)
 Metaspace       used 61629K, capacity 62794K, committed 63024K, reserved 1105920K
  class space    used 6867K, capacity 7140K, committed 7216K, reserved 1048576K
GC Heap History (10 events):
Event: 5.700 GC heap before
{Heap before GC invocations=11 (full 2):
 PSYoungGen      total 110080K, used 110063K [0x00000000d6780000, 0x00000000def80000, 0x0000000100000000)
  eden space 94208K, 100% used [0x00000000d6780000,0x00000000dc380000,0x00000000dc380000)
  from space 15872K, 99% used [0x00000000dd800000,0x00000000de77bc38,0x00000000de780000)
  to   space 20992K, 0% used [0x00000000dc380000,0x00000000dc380000,0x00000000dd800000)
 ParOldGen       total 107520K, used 23678K [0x0000000083600000, 0x0000000089f00000, 0x00000000d6780000)
  object space 107520K, 22% used [0x0000000083600000,0x0000000084d1f810,0x0000000089f00000)
 Metaspace       used 51533K, capacity 52478K, committed 52784K, reserved 1095680K
  class space    used 6089K, capacity 6326K, committed 6448K, reserved 1048576K
Event: 5.724 GC heap after
Heap after GC invocations=11 (full 2):
 PSYoungGen      total 115200K, used 20987K [0x00000000d6780000, 0x00000000e0f80000, 0x0000000100000000)
  eden space 94208K, 0% used [0x00000000d6780000,0x00000000d6780000,0x00000000dc380000)
  from space 20992K, 99% used [0x00000000dc380000,0x00000000dd7fed00,0x00000000dd800000)
  to   space 28672K, 0% used [0x00000000df380000,0x00000000df380000,0x00000000e0f80000)
 ParOldGen       total 107520K, used 35006K [0x0000000083600000, 0x0000000089f00000, 0x00000000d6780000)
  object space 107520K, 32% used [0x0000000083600000,0x000000008582f860,0x0000000089f00000)
 Metaspace       used 51533K, capacity 52478K, committed 52784K, reserved 1095680K
  class space    used 6089K, capacity 6326K, committed 6448K, reserved 1048576K
}
Event: 8.570 GC heap before
{Heap before GC invocations=12 (full 2):
 PSYoungGen      total 115200K, used 115195K [0x00000000d6780000, 0x00000000e0f80000, 0x0000000100000000)
  eden space 94208K, 100% used [0x00000000d6780000,0x00000000dc380000,0x00000000dc380000)
  from space 20992K, 99% used [0x00000000dc380000,0x00000000dd7fed00,0x00000000dd800000)
  to   space 28672K, 0% used [0x00000000df380000,0x00000000df380000,0x00000000e0f80000)
 ParOldGen       total 107520K, used 35006K [0x0000000083600000, 0x0000000089f00000, 0x00000000d6780000)
  object space 107520K, 32% used [0x0000000083600000,0x000000008582f860,0x0000000089f00000)
 Metaspace       used 53120K, capacity 54108K, committed 54320K, reserved 1097728K
  class space    used 6166K, capacity 6433K, committed 6448K, reserved 1048576K
Event: 8.599 GC heap after
Heap after GC invocations=12 (full 2):
 PSYoungGen      total 138752K, used 28667K [0x00000000d6780000, 0x00000000e1700000, 0x0000000100000000)
  eden space 110080K, 0% used [0x00000000d6780000,0x00000000d6780000,0x00000000dd300000)
  from space 28672K, 99% used [0x00000000df380000,0x00000000e0f7ed00,0x00000000e0f80000)
  to   space 33280K, 0% used [0x00000000dd300000,0x00000000dd300000,0x00000000df380000)
 ParOldGen       total 107520K, used 37736K [0x0000000083600000, 0x0000000089f00000, 0x00000000d6780000)
  object space 107520K, 35% used [0x0000000083600000,0x0000000085ada1b0,0x0000000089f00000)
 Metaspace       used 53120K, capacity 54108K, committed 54320K, reserved 1097728K
  class space    used 6166K, capacity 6433K, committed 6448K, reserved 1048576K
}
Event: 11.223 GC heap before
{Heap before GC invocations=13 (full 2):
 PSYoungGen      total 138752K, used 138747K [0x00000000d6780000, 0x00000000e1700000, 0x0000000100000000)
  eden space 110080K, 100% used [0x00000000d6780000,0x00000000dd300000,0x00000000dd300000)
  from space 28672K, 99% used [0x00000000df380000,0x00000000e0f7ed00,0x00000000e0f80000)
  to   space 33280K, 0% used [0x00000000dd300000,0x00000000dd300000,0x00000000df380000)
 ParOldGen       total 107520K, used 37736K [0x0000000083600000, 0x0000000089f00000, 0x00000000d6780000)
  object space 107520K, 35% used [0x0000000083600000,0x0000000085ada1b0,0x0000000089f00000)
 Metaspace       used 53878K, capacity 54936K, committed 55088K, reserved 1097728K
  class space    used 6182K, capacity 6441K, committed 6448K, reserved 1048576K
Event: 11.254 GC heap after
Heap after GC invocations=13 (full 2):
 PSYoungGen      total 143360K, used 33260K [0x00000000d6780000, 0x00000000e3280000, 0x0000000100000000)
  eden space 110080K, 0% used [0x00000000d6780000,0x00000000d6780000,0x00000000dd300000)
  from space 33280K, 99% used [0x00000000dd300000,0x00000000df37b150,0x00000000df380000)
  to   space 38400K, 0% used [0x00000000e0d00000,0x00000000e0d00000,0x00000000e3280000)
 ParOldGen       total 107520K, used 43176K [0x0000000083600000, 0x0000000089f00000, 0x00000000d6780000)
  object space 107520K, 40% used [0x0000000083600000,0x000000008602a200,0x0000000089f00000)
 Metaspace       used 53878K, capacity 54936K, committed 55088K, reserved 1097728K
  class space    used 6182K, capacity 6441K, committed 6448K, reserved 1048576K
}
Event: 12.070 GC heap before
{Heap before GC invocations=14 (full 2):
 PSYoungGen      total 143360K, used 109746K [0x00000000d6780000, 0x00000000e3280000, 0x0000000100000000)
  eden space 110080K, 69% used [0x00000000d6780000,0x00000000db231890,0x00000000dd300000)
  from space 33280K, 99% used [0x00000000dd300000,0x00000000df37b150,0x00000000df380000)
  to   space 38400K, 0% used [0x00000000e0d00000,0x00000000e0d00000,0x00000000e3280000)
 ParOldGen       total 107520K, used 43176K [0x0000000083600000, 0x0000000089f00000, 0x00000000d6780000)
  object space 107520K, 40% used [0x0000000083600000,0x000000008602a200,0x0000000089f00000)
 Metaspace       used 57953K, capacity 58990K, committed 59160K, reserved 1101824K
  class space    used 6564K, capacity 6826K, committed 6832K, reserved 1048576K
Event: 12.102 GC heap after
Heap after GC invocations=14 (full 2):
 PSYoungGen      total 163840K, used 38393K [0x00000000d6780000, 0x00000000e4280000, 0x0000000100000000)
  eden space 125440K, 0% used [0x00000000d6780000,0x00000000d6780000,0x00000000de200000)
  from space 38400K, 99% used [0x00000000e0d00000,0x00000000e327e5d0,0x00000000e3280000)
  to   space 44032K, 0% used [0x00000000de200000,0x00000000de200000,0x00000000e0d00000)
 ParOldGen       total 107520K, used 43332K [0x0000000083600000, 0x0000000089f00000, 0x00000000d6780000)
  object space 107520K, 40% used [0x0000000083600000,0x0000000086051378,0x0000000089f00000)
 Metaspace       used 57953K, capacity 58990K, committed 59160K, reserved 1101824K
  class space    used 6564K, capacity 6826K, committed 6832K, reserved 1048576K
}
Event: 12.102 GC heap before
{Heap before GC invocations=15 (full 3):
 PSYoungGen      total 163840K, used 38393K [0x00000000d6780000, 0x00000000e4280000, 0x0000000100000000)
  eden space 125440K, 0% used [0x00000000d6780000,0x00000000d6780000,0x00000000de200000)
  from space 38400K, 99% used [0x00000000e0d00000,0x00000000e327e5d0,0x00000000e3280000)
  to   space 44032K, 0% used [0x00000000de200000,0x00000000de200000,0x00000000e0d00000)
 ParOldGen       total 107520K, used 43332K [0x0000000083600000, 0x0000000089f00000, 0x00000000d6780000)
  object space 107520K, 40% used [0x0000000083600000,0x0000000086051378,0x0000000089f00000)
 Metaspace       used 57953K, capacity 58990K, committed 59160K, reserved 1101824K
  class space    used 6564K, capacity 6826K, committed 6832K, reserved 1048576K
Event: 12.372 GC heap after
Heap after GC invocations=15 (full 3):
 PSYoungGen      total 163840K, used 0K [0x00000000d6780000, 0x00000000e4280000, 0x0000000100000000)
  eden space 125440K, 0% used [0x00000000d6780000,0x00000000d6780000,0x00000000de200000)
  from space 38400K, 0% used [0x00000000e0d00000,0x00000000e0d00000,0x00000000e3280000)
  to   space 44032K, 0% used [0x00000000de200000,0x00000000de200000,0x00000000e0d00000)
 ParOldGen       total 107520K, used 66524K [0x0000000083600000, 0x0000000089f00000, 0x00000000d6780000)
  object space 107520K, 61% used [0x0000000083600000,0x00000000876f72b0,0x0000000089f00000)
 Metaspace       used 57953K, capacity 58990K, committed 59160K, reserved 1101824K
  class space    used 6564K, capacity 6826K, committed 6832K, reserved 1048576K
}

