# JRE version: OpenJDK Runtime Environment (8.0_242-b01) (build 1.8.0_242-release-1644-b01)
# Java VM: OpenJDK 64-Bit Server VM (25.242-b01 mixed mode windows-amd64 compressed oops)
Heap:
 PSYoungGen      total 420864K, used 178262K [0x00000000d5580000, 0x00000000f7c80000, 0x0000000100000000)
  eden space 375296K, 35% used [0x00000000d5580000,0x00000000dd717390,0x00000000ec400000)
  from space 45568K, 99% used [0x00000000f0800000,0x00000000f347e5b8,0x00000000f3480000)
  to   space 69632K, 0% used [0x00000000ec400000,0x00000000ec400000,0x00000000f0800000)
 ParOldGen       total 200192K, used 140802K [0x0000000080000000, 0x000000008c380000, 0x00000000d5580000)
  object space 200192K, 70% used [0x0000000080000000,0x00000000889808b0,0x000000008c380000)
 Metaspace       used 105885K, capacity 111876K, committed 112000K, reserved 1146880K
  class space    used 14102K, capacity 15223K, committed 15232K, reserved 1048576K
GC Heap History (10 events):
Event: 52.517 GC heap before
{Heap before GC invocations=22 (full 3):
 PSYoungGen      total 334848K, used 148914K [0x00000000d5580000, 0x00000000ece80000, 0x0000000100000000)
  eden space 311296K, 40% used [0x00000000d5580000,0x00000000dcff0d88,0x00000000e8580000)
  from space 23552K, 99% used [0x00000000ea480000,0x00000000ebb7bb78,0x00000000ebb80000)
  to   space 31744K, 0% used [0x00000000e8580000,0x00000000e8580000,0x00000000ea480000)
 ParOldGen       total 126976K, used 67816K [0x0000000080000000, 0x0000000087c00000, 0x00000000d5580000)
  object space 126976K, 53% used [0x0000000080000000,0x000000008423a2d8,0x0000000087c00000)
 Metaspace       used 93429K, capacity 98440K, committed 98496K, reserved 1134592K
  class space    used 12427K, capacity 13409K, committed 13440K, reserved 1048576K
Event: 52.554 GC heap after
Heap after GC invocations=22 (full 3):
 PSYoungGen      total 343040K, used 20701K [0x00000000d5580000, 0x00000000ee880000, 0x0000000100000000)
  eden space 311296K, 0% used [0x00000000d5580000,0x00000000d5580000,0x00000000e8580000)
  from space 31744K, 65% used [0x00000000e8580000,0x00000000e99b7440,0x00000000ea480000)
  to   space 32256K, 0% used [0x00000000ec900000,0x00000000ec900000,0x00000000ee880000)
 ParOldGen       total 126976K, used 80781K [0x0000000080000000, 0x0000000087c00000, 0x00000000d5580000)
  object space 126976K, 63% used [0x0000000080000000,0x0000000084ee3638,0x0000000087c00000)
 Metaspace       used 93429K, capacity 98440K, committed 98496K, reserved 1134592K
  class space    used 12427K, capacity 13409K, committed 13440K, reserved 1048576K
}
Event: 52.554 GC heap before
{Heap before GC invocations=23 (full 4):
 PSYoungGen      total 343040K, used 20701K [0x00000000d5580000, 0x00000000ee880000, 0x0000000100000000)
  eden space 311296K, 0% used [0x00000000d5580000,0x00000000d5580000,0x00000000e8580000)
  from space 31744K, 65% used [0x00000000e8580000,0x00000000e99b7440,0x00000000ea480000)
  to   space 32256K, 0% used [0x00000000ec900000,0x00000000ec900000,0x00000000ee880000)
 ParOldGen       total 126976K, used 80781K [0x0000000080000000, 0x0000000087c00000, 0x00000000d5580000)
  object space 126976K, 63% used [0x0000000080000000,0x0000000084ee3638,0x0000000087c00000)
 Metaspace       used 93429K, capacity 98440K, committed 98496K, reserved 1134592K
  class space    used 12427K, capacity 13409K, committed 13440K, reserved 1048576K
Event: 52.731 GC heap after
Heap after GC invocations=23 (full 4):
 PSYoungGen      total 343040K, used 0K [0x00000000d5580000, 0x00000000ee880000, 0x0000000100000000)
  eden space 311296K, 0% used [0x00000000d5580000,0x00000000d5580000,0x00000000e8580000)
  from space 31744K, 0% used [0x00000000e8580000,0x00000000e8580000,0x00000000ea480000)
  to   space 32256K, 0% used [0x00000000ec900000,0x00000000ec900000,0x00000000ee880000)
 ParOldGen       total 200192K, used 69461K [0x0000000080000000, 0x000000008c380000, 0x00000000d5580000)
  object space 200192K, 34% used [0x0000000080000000,0x00000000843d5548,0x000000008c380000)
 Metaspace       used 93158K, capacity 97660K, committed 98496K, reserved 1134592K
  class space    used 12337K, capacity 13247K, committed 13440K, reserved 1048576K
}
Event: 159.234 GC heap before
{Heap before GC invocations=24 (full 4):
 PSYoungGen      total 343040K, used 311296K [0x00000000d5580000, 0x00000000ee880000, 0x0000000100000000)
  eden space 311296K, 100% used [0x00000000d5580000,0x00000000e8580000,0x00000000e8580000)
  from space 31744K, 0% used [0x00000000e8580000,0x00000000e8580000,0x00000000ea480000)
  to   space 32256K, 0% used [0x00000000ec900000,0x00000000ec900000,0x00000000ee880000)
 ParOldGen       total 200192K, used 69461K [0x0000000080000000, 0x000000008c380000, 0x00000000d5580000)
  object space 200192K, 34% used [0x0000000080000000,0x00000000843d5548,0x000000008c380000)
 Metaspace       used 97289K, capacity 102364K, committed 102528K, reserved 1138688K
  class space    used 12904K, capacity 13901K, committed 13952K, reserved 1048576K
Event: 159.252 GC heap after
Heap after GC invocations=24 (full 4):
 PSYoungGen      total 377344K, used 18259K [0x00000000d5580000, 0x00000000ee680000, 0x0000000100000000)
  eden space 347136K, 0% used [0x00000000d5580000,0x00000000d5580000,0x00000000ea880000)
  from space 30208K, 60% used [0x00000000ec900000,0x00000000edad4ff8,0x00000000ee680000)
  to   space 31744K, 0% used [0x00000000ea880000,0x00000000ea880000,0x00000000ec780000)
 ParOldGen       total 200192K, used 69469K [0x0000000080000000, 0x000000008c380000, 0x00000000d5580000)
  object space 200192K, 34% used [0x0000000080000000,0x00000000843d7548,0x000000008c380000)
 Metaspace       used 97289K, capacity 102364K, committed 102528K, reserved 1138688K
  class space    used 12904K, capacity 13901K, committed 13952K, reserved 1048576K
}
Event: 160.963 GC heap before
{Heap before GC invocations=25 (full 4):
 PSYoungGen      total 377344K, used 365395K [0x00000000d5580000, 0x00000000ee680000, 0x0000000100000000)
  eden space 347136K, 100% used [0x00000000d5580000,0x00000000ea880000,0x00000000ea880000)
  from space 30208K, 60% used [0x00000000ec900000,0x00000000edad4ff8,0x00000000ee680000)
  to   space 31744K, 0% used [0x00000000ea880000,0x00000000ea880000,0x00000000ec780000)
 ParOldGen       total 200192K, used 69469K [0x0000000080000000, 0x000000008c380000, 0x00000000d5580000)
  object space 200192K, 34% used [0x0000000080000000,0x00000000843d7548,0x000000008c380000)
 Metaspace       used 104700K, capacity 110560K, committed 110720K, reserved 1144832K
  class space    used 14006K, capacity 15135K, committed 15232K, reserved 1048576K
Event: 161.009 GC heap after
Heap after GC invocations=25 (full 4):
 PSYoungGen      total 378880K, used 31733K [0x00000000d5580000, 0x00000000f3480000, 0x0000000100000000)
  eden space 347136K, 0% used [0x00000000d5580000,0x00000000d5580000,0x00000000ea880000)
  from space 31744K, 99% used [0x00000000ea880000,0x00000000ec77d6e8,0x00000000ec780000)
  to   space 45568K, 0% used [0x00000000f0800000,0x00000000f0800000,0x00000000f3480000)
 ParOldGen       total 200192K, used 94872K [0x0000000080000000, 0x000000008c380000, 0x00000000d5580000)
  object space 200192K, 47% used [0x0000000080000000,0x0000000085ca6348,0x000000008c380000)
 Metaspace       used 104700K, capacity 110560K, committed 110720K, reserved 1144832K
  class space    used 14006K, capacity 15135K, committed 15232K, reserved 1048576K
}
Event: 162.015 GC heap before
{Heap before GC invocations=26 (full 4):
 PSYoungGen      total 378880K, used 378869K [0x00000000d5580000, 0x00000000f3480000, 0x0000000100000000)
  eden space 347136K, 100% used [0x00000000d5580000,0x00000000ea880000,0x00000000ea880000)
  from space 31744K, 99% used [0x00000000ea880000,0x00000000ec77d6e8,0x00000000ec780000)
  to   space 45568K, 0% used [0x00000000f0800000,0x00000000f0800000,0x00000000f3480000)
 ParOldGen       total 200192K, used 94872K [0x0000000080000000, 0x000000008c380000, 0x00000000d5580000)
  object space 200192K, 47% used [0x0000000080000000,0x0000000085ca6348,0x000000008c380000)
 Metaspace       used 105707K, capacity 111642K, committed 111744K, reserved 1146880K
  class space    used 14058K, capacity 15176K, committed 15232K, reserved 1048576K
Event: 162.095 GC heap after
Heap after GC invocations=26 (full 4):
 PSYoungGen      total 420864K, used 45561K [0x00000000d5580000, 0x00000000f7c80000, 0x0000000100000000)
  eden space 375296K, 0% used [0x00000000d5580000,0x00000000d5580000,0x00000000ec400000)
  from space 45568K, 99% used [0x00000000f0800000,0x00000000f347e5b8,0x00000000f3480000)
  to   space 69632K, 0% used [0x00000000ec400000,0x00000000ec400000,0x00000000f0800000)
 ParOldGen       total 200192K, used 140802K [0x0000000080000000, 0x000000008c380000, 0x00000000d5580000)
  object space 200192K, 70% used [0x0000000080000000,0x00000000889808b0,0x000000008c380000)
 Metaspace       used 105707K, capacity 111642K, committed 111744K, reserved 1146880K
  class space    used 14058K, capacity 15176K, committed 15232K, reserved 1048576K
}

