# JRE version: OpenJDK Runtime Environment (8.0_242-b01) (build 1.8.0_242-release-1644-b01)
# Java VM: OpenJDK 64-Bit Server VM (25.242-b01 mixed mode windows-amd64 compressed oops)
Heap:
 PSYoungGen      total 539136K, used 397300K [0x00000000d5580000, 0x0000000100000000, 0x0000000100000000)
  eden space 399872K, 73% used [0x00000000d5580000,0x00000000e741bdc8,0x00000000edc00000)
  from space 139264K, 74% used [0x00000000edc00000,0x00000000f4161508,0x00000000f6400000)
  to   space 151040K, 0% used [0x00000000f6c80000,0x00000000f6c80000,0x0000000100000000)
 ParOldGen       total 316928K, used 62974K [0x0000000080000000, 0x0000000093580000, 0x00000000d5580000)
  object space 316928K, 19% used [0x0000000080000000,0x0000000083d7f900,0x0000000093580000)
 Metaspace       used 106363K, capacity 115162K, committed 115352K, reserved 1148928K
  class space    used 13772K, capacity 15199K, committed 15280K, reserved 1048576K
GC Heap History (10 events):
Event: 7186.871 GC heap before
{Heap before GC invocations=43 (full 6):
 PSYoungGen      total 522752K, used 394272K [0x00000000d5580000, 0x00000000ff600000, 0x0000000100000000)
  eden space 369152K, 100% used [0x00000000d5580000,0x00000000ebe00000,0x00000000ebe00000)
  from space 153600K, 16% used [0x00000000f6000000,0x00000000f7888040,0x00000000ff600000)
  to   space 159744K, 0% used [0x00000000ebe00000,0x00000000ebe00000,0x00000000f5a00000)
 ParOldGen       total 316928K, used 61237K [0x0000000080000000, 0x0000000093580000, 0x00000000d5580000)
  object space 316928K, 19% used [0x0000000080000000,0x0000000083bcd730,0x0000000093580000)
 Metaspace       used 105876K, capacity 114698K, committed 114840K, reserved 1148928K
  class space    used 13762K, capacity 15189K, committed 15280K, reserved 1048576K
Event: 7186.889 GC heap after
Heap after GC invocations=43 (full 6):
 PSYoungGen      total 528896K, used 14472K [0x00000000d5580000, 0x0000000100000000, 0x0000000100000000)
  eden space 369152K, 0% used [0x00000000d5580000,0x00000000d5580000,0x00000000ebe00000)
  from space 159744K, 9% used [0x00000000ebe00000,0x00000000ecc22258,0x00000000f5a00000)
  to   space 157696K, 0% used [0x00000000f6600000,0x00000000f6600000,0x0000000100000000)
 ParOldGen       total 316928K, used 62942K [0x0000000080000000, 0x0000000093580000, 0x00000000d5580000)
  object space 316928K, 19% used [0x0000000080000000,0x0000000083d77900,0x0000000093580000)
 Metaspace       used 105876K, capacity 114698K, committed 114840K, reserved 1148928K
  class space    used 13762K, capacity 15189K, committed 15280K, reserved 1048576K
}
Event: 7194.655 GC heap before
{Heap before GC invocations=44 (full 6):
 PSYoungGen      total 528896K, used 383624K [0x00000000d5580000, 0x0000000100000000, 0x0000000100000000)
  eden space 369152K, 100% used [0x00000000d5580000,0x00000000ebe00000,0x00000000ebe00000)
  from space 159744K, 9% used [0x00000000ebe00000,0x00000000ecc22258,0x00000000f5a00000)
  to   space 157696K, 0% used [0x00000000f6600000,0x00000000f6600000,0x0000000100000000)
 ParOldGen       total 316928K, used 62942K [0x0000000080000000, 0x0000000093580000, 0x00000000d5580000)
  object space 316928K, 19% used [0x0000000080000000,0x0000000083d77900,0x0000000093580000)
 Metaspace       used 106070K, capacity 114874K, committed 115096K, reserved 1148928K
  class space    used 13770K, capacity 15197K, committed 15280K, reserved 1048576K
Event: 7194.681 GC heap after
Heap after GC invocations=44 (full 6):
 PSYoungGen      total 523776K, used 32203K [0x00000000d5580000, 0x00000000ff100000, 0x0000000100000000)
  eden space 381440K, 0% used [0x00000000d5580000,0x00000000d5580000,0x00000000eca00000)
  from space 142336K, 22% used [0x00000000f6600000,0x00000000f8572ee8,0x00000000ff100000)
  to   space 151040K, 0% used [0x00000000eca00000,0x00000000eca00000,0x00000000f5d80000)
 ParOldGen       total 316928K, used 62950K [0x0000000080000000, 0x0000000093580000, 0x00000000d5580000)
  object space 316928K, 19% used [0x0000000080000000,0x0000000083d79900,0x0000000093580000)
 Metaspace       used 106070K, capacity 114874K, committed 115096K, reserved 1148928K
  class space    used 13770K, capacity 15197K, committed 15280K, reserved 1048576K
}
Event: 7396.121 GC heap before
{Heap before GC invocations=45 (full 6):
 PSYoungGen      total 523776K, used 413643K [0x00000000d5580000, 0x00000000ff100000, 0x0000000100000000)
  eden space 381440K, 100% used [0x00000000d5580000,0x00000000eca00000,0x00000000eca00000)
  from space 142336K, 22% used [0x00000000f6600000,0x00000000f8572ee8,0x00000000ff100000)
  to   space 151040K, 0% used [0x00000000eca00000,0x00000000eca00000,0x00000000f5d80000)
 ParOldGen       total 316928K, used 62950K [0x0000000080000000, 0x0000000093580000, 0x00000000d5580000)
  object space 316928K, 19% used [0x0000000080000000,0x0000000083d79900,0x0000000093580000)
 Metaspace       used 106125K, capacity 114950K, committed 115096K, reserved 1148928K
  class space    used 13771K, capacity 15199K, committed 15280K, reserved 1048576K
Event: 7396.140 GC heap after
Heap after GC invocations=45 (full 6):
 PSYoungGen      total 532480K, used 14161K [0x00000000d5580000, 0x0000000100000000, 0x0000000100000000)
  eden space 381440K, 0% used [0x00000000d5580000,0x00000000d5580000,0x00000000eca00000)
  from space 151040K, 9% used [0x00000000eca00000,0x00000000ed7d4660,0x00000000f5d80000)
  to   space 147968K, 0% used [0x00000000f6f80000,0x00000000f6f80000,0x0000000100000000)
 ParOldGen       total 316928K, used 62958K [0x0000000080000000, 0x0000000093580000, 0x00000000d5580000)
  object space 316928K, 19% used [0x0000000080000000,0x0000000083d7b900,0x0000000093580000)
 Metaspace       used 106125K, capacity 114950K, committed 115096K, reserved 1148928K
  class space    used 13771K, capacity 15199K, committed 15280K, reserved 1048576K
}
Event: 7402.224 GC heap before
{Heap before GC invocations=46 (full 6):
 PSYoungGen      total 532480K, used 395601K [0x00000000d5580000, 0x0000000100000000, 0x0000000100000000)
  eden space 381440K, 100% used [0x00000000d5580000,0x00000000eca00000,0x00000000eca00000)
  from space 151040K, 9% used [0x00000000eca00000,0x00000000ed7d4660,0x00000000f5d80000)
  to   space 147968K, 0% used [0x00000000f6f80000,0x00000000f6f80000,0x0000000100000000)
 ParOldGen       total 316928K, used 62958K [0x0000000080000000, 0x0000000093580000, 0x00000000d5580000)
  object space 316928K, 19% used [0x0000000080000000,0x0000000083d7b900,0x0000000093580000)
 Metaspace       used 106241K, capacity 115018K, committed 115352K, reserved 1148928K
  class space    used 13771K, capacity 15199K, committed 15280K, reserved 1048576K
Event: 7402.257 GC heap after
Heap after GC invocations=46 (full 6):
 PSYoungGen      total 527360K, used 38882K [0x00000000d5580000, 0x00000000fec00000, 0x0000000100000000)
  eden space 399872K, 0% used [0x00000000d5580000,0x00000000d5580000,0x00000000edc00000)
  from space 127488K, 30% used [0x00000000f6f80000,0x00000000f9578bb0,0x00000000fec00000)
  to   space 139264K, 0% used [0x00000000edc00000,0x00000000edc00000,0x00000000f6400000)
 ParOldGen       total 316928K, used 62966K [0x0000000080000000, 0x0000000093580000, 0x00000000d5580000)
  object space 316928K, 19% used [0x0000000080000000,0x0000000083d7d900,0x0000000093580000)
 Metaspace       used 106241K, capacity 115018K, committed 115352K, reserved 1148928K
  class space    used 13771K, capacity 15199K, committed 15280K, reserved 1048576K
}
Event: 7403.253 GC heap before
{Heap before GC invocations=47 (full 6):
 PSYoungGen      total 527360K, used 438754K [0x00000000d5580000, 0x00000000fec00000, 0x0000000100000000)
  eden space 399872K, 100% used [0x00000000d5580000,0x00000000edc00000,0x00000000edc00000)
  from space 127488K, 30% used [0x00000000f6f80000,0x00000000f9578bb0,0x00000000fec00000)
  to   space 139264K, 0% used [0x00000000edc00000,0x00000000edc00000,0x00000000f6400000)
 ParOldGen       total 316928K, used 62966K [0x0000000080000000, 0x0000000093580000, 0x00000000d5580000)
  object space 316928K, 19% used [0x0000000080000000,0x0000000083d7d900,0x0000000093580000)
 Metaspace       used 106309K, capacity 115086K, committed 115352K, reserved 1148928K
  class space    used 13771K, capacity 15199K, committed 15280K, reserved 1048576K
Event: 7403.359 GC heap after
Heap after GC invocations=47 (full 6):
 PSYoungGen      total 539136K, used 103813K [0x00000000d5580000, 0x0000000100000000, 0x0000000100000000)
  eden space 399872K, 0% used [0x00000000d5580000,0x00000000d5580000,0x00000000edc00000)
  from space 139264K, 74% used [0x00000000edc00000,0x00000000f4161508,0x00000000f6400000)
  to   space 151040K, 0% used [0x00000000f6c80000,0x00000000f6c80000,0x0000000100000000)
 ParOldGen       total 316928K, used 62974K [0x0000000080000000, 0x0000000093580000, 0x00000000d5580000)
  object space 316928K, 19% used [0x0000000080000000,0x0000000083d7f900,0x0000000093580000)
 Metaspace       used 106309K, capacity 115086K, committed 115352K, reserved 1148928K
  class space    used 13771K, capacity 15199K, committed 15280K, reserved 1048576K
}

